This is pdfTeX, Version 3.14159265-2.6-1.40.21 (MiKTeX 2.9.7300 64-bit) (preloaded format=pdflatex 2020.3.18)  22 MAR 2020 18:27
entering extended mode
**./Documentazione.tex
(Documentazione.tex
LaTeX2e <2020-02-02> patch level 5
L3 programming layer <2020-03-06>
("C:\Users\Giuseppe Lischio\Desktop\miktexTarget\tex/latex/base\article.cls"
Document Class: article 2019/12/20 v1.4l Standard LaTeX document class
("C:\Users\Giuseppe Lischio\Desktop\miktexTarget\tex/latex/base\size10.clo"
File: size10.clo 2019/12/20 v1.4l Standard LaTeX file (size option)
)
\c@part=\count167
\c@section=\count168
\c@subsection=\count169
\c@subsubsection=\count170
\c@paragraph=\count171
\c@subparagraph=\count172
\c@figure=\count173
\c@table=\count174
\abovecaptionskip=\skip47
\belowcaptionskip=\skip48
\bibindent=\dimen134
)
("C:\Users\Giuseppe Lischio\Desktop\miktexTarget\tex/latex/geometry\geometry.st
y"
Package: geometry 2020/01/02 v5.9 Page Geometry

("C:\Users\Giuseppe Lischio\Desktop\miktexTarget\tex/latex/graphics\keyval.sty"
Package: keyval 2014/10/28 v1.15 key=value parser (DPC)
\KV@toks@=\toks15
) ("C:\Users\Giuseppe Lischio\Desktop\miktexTarget\tex/generic/iftex\ifvtex.sty
"
Package: ifvtex 2019/10/25 v1.7 ifvtex legacy package. Use iftex instead.
 ("C:\Users\Giuseppe Lischio\Desktop\miktexTarget\tex/generic/iftex\iftex.sty"
Package: iftex 2020/03/06 v1.0d TeX engine tests
))
\Gm@cnth=\count175
\Gm@cntv=\count176
\c@Gm@tempcnt=\count177
\Gm@bindingoffset=\dimen135
\Gm@wd@mp=\dimen136
\Gm@odd@mp=\dimen137
\Gm@even@mp=\dimen138
\Gm@layoutwidth=\dimen139
\Gm@layoutheight=\dimen140
\Gm@layouthoffset=\dimen141
\Gm@layoutvoffset=\dimen142
\Gm@dimlist=\toks16

("C:\Users\Giuseppe Lischio\Desktop\miktexTarget\tex/latex/geometry\geometry.cf
g"))
("C:\Users\Giuseppe Lischio\Desktop\miktexTarget\tex/latex/amsfonts\amsfonts.st
y"
Package: amsfonts 2013/01/14 v3.01 Basic AMSFonts support
\@emptytoks=\toks17
\symAMSa=\mathgroup4
\symAMSb=\mathgroup5
LaTeX Font Info:    Redeclaring math symbol \hbar on input line 98.
LaTeX Font Info:    Overwriting math alphabet `\mathfrak' in version `bold'
(Font)                  U/euf/m/n --> U/euf/b/n on input line 106.
)
("C:\Users\Giuseppe Lischio\Desktop\miktexTarget\tex/latex/amsmath\amsmath.sty"
Package: amsmath 2020/01/20 v2.17e AMS math features
\@mathmargin=\skip49
For additional information on amsmath, use the `?' option.
("C:\Users\Giuseppe Lischio\Desktop\miktexTarget\tex/latex/amsmath\amstext.sty"
Package: amstext 2000/06/29 v2.01 AMS text
("C:\Users\Giuseppe Lischio\Desktop\miktexTarget\tex/latex/amsmath\amsgen.sty"
File: amsgen.sty 1999/11/30 v2.0 generic functions
\@emptytoks=\toks18
\ex@=\dimen143
)) ("C:\Users\Giuseppe Lischio\Desktop\miktexTarget\tex/latex/amsmath\amsbsy.st
y"
Package: amsbsy 1999/11/29 v1.2d Bold Symbols
\pmbraise@=\dimen144
) ("C:\Users\Giuseppe Lischio\Desktop\miktexTarget\tex/latex/amsmath\amsopn.sty
"
Package: amsopn 2016/03/08 v2.02 operator names
)
\inf@bad=\count178
LaTeX Info: Redefining \frac on input line 227.
\uproot@=\count179
\leftroot@=\count180
LaTeX Info: Redefining \overline on input line 389.
\classnum@=\count181
\DOTSCASE@=\count182
LaTeX Info: Redefining \ldots on input line 486.
LaTeX Info: Redefining \dots on input line 489.
LaTeX Info: Redefining \cdots on input line 610.
\Mathstrutbox@=\box45
\strutbox@=\box46
\big@size=\dimen145
LaTeX Font Info:    Redeclaring font encoding OML on input line 733.
LaTeX Font Info:    Redeclaring font encoding OMS on input line 734.
\macc@depth=\count183
\c@MaxMatrixCols=\count184
\dotsspace@=\muskip16
\c@parentequation=\count185
\dspbrk@lvl=\count186
\tag@help=\toks19
\row@=\count187
\column@=\count188
\maxfields@=\count189
\andhelp@=\toks20
\eqnshift@=\dimen146
\alignsep@=\dimen147
\tagshift@=\dimen148
\tagwidth@=\dimen149
\totwidth@=\dimen150
\lineht@=\dimen151
\@envbody=\toks21
\multlinegap=\skip50
\multlinetaggap=\skip51
\mathdisplay@stack=\toks22
LaTeX Info: Redefining \[ on input line 2859.
LaTeX Info: Redefining \] on input line 2860.
)
("C:\Users\Giuseppe Lischio\Desktop\miktexTarget\tex/latex/graphics\graphicx.st
y"
Package: graphicx 2019/11/30 v1.2a Enhanced LaTeX Graphics (DPC,SPQR)

("C:\Users\Giuseppe Lischio\Desktop\miktexTarget\tex/latex/graphics\graphics.st
y"
Package: graphics 2019/11/30 v1.4a Standard LaTeX Graphics (DPC,SPQR)
 ("C:\Users\Giuseppe Lischio\Desktop\miktexTarget\tex/latex/graphics\trig.sty"
Package: trig 2016/01/03 v1.10 sin cos tan (DPC)
)
("C:\Users\Giuseppe Lischio\Desktop\miktexTarget\tex/latex/graphics-cfg\graphic
s.cfg"
File: graphics.cfg 2016/06/04 v1.11 sample graphics configuration
)
Package graphics Info: Driver file: pdftex.def on input line 105.

("C:\Users\Giuseppe Lischio\Desktop\miktexTarget\tex/latex/graphics-def\pdftex.
def"
File: pdftex.def 2018/01/08 v1.0l Graphics/color driver for pdftex
))
\Gin@req@height=\dimen152
\Gin@req@width=\dimen153
)
("C:\Users\Giuseppe Lischio\Desktop\miktexTarget\tex/latex/jknappen\mathrsfs.st
y"
Package: mathrsfs 1996/01/01 Math RSFS package v1.0 (jk)
\symrsfs=\mathgroup6
)
("C:\Users\Giuseppe Lischio\Desktop\miktexTarget\tex/latex/siunitx\siunitx.sty"
("C:\Users\Giuseppe Lischio\Desktop\miktexTarget\tex/latex/l3kernel\expl3.sty"
Package: expl3 2020-03-06 L3 programming layer (loader) 

("C:\Users\Giuseppe Lischio\Desktop\miktexTarget\tex/latex/l3backend\l3backend-
pdfmode.def"
File: l3backend-pdfmode.def 2020-03-12 L3 backend support: PDF mode
\l__kernel_color_stack_int=\count190
\l__pdf_internal_box=\box47
))
("C:\Users\Giuseppe Lischio\Desktop\miktexTarget\tex/latex/l3packages/xparse\xp
arse.sty"
Package: xparse 2020-03-06 L3 Experimental document command parser
\l__xparse_current_arg_int=\count191
\g__xparse_grabber_int=\count192
\l__xparse_m_args_int=\count193
\l__xparse_v_nesting_int=\count194
)
Package: siunitx 2020/02/25 v2.8b A comprehensive (SI) units package

("C:\Users\Giuseppe Lischio\Desktop\miktexTarget\tex/latex/tools\array.sty"
Package: array 2019/08/31 v2.4l Tabular extension package (FMi)
\col@sep=\dimen154
\ar@mcellbox=\box48
\extrarowheight=\dimen155
\NC@list=\toks23
\extratabsurround=\skip52
\backup@length=\skip53
\ar@cellbox=\box49
)
("C:\Users\Giuseppe Lischio\Desktop\miktexTarget\tex/latex/l3packages/l3keys2e\
l3keys2e.sty"
Package: l3keys2e 2020-03-06 LaTeX2e option processing using LaTeX3 keys
)
\l__siunitx_tmp_box=\box50
\l__siunitx_tmp_dim=\dimen156
\l__siunitx_tmp_int=\count195
\l__siunitx_number_mantissa_length_int=\count196
\l__siunitx_number_uncert_length_int=\count197
\l__siunitx_round_int=\count198
\l__siunitx_process_decimal_int=\count199
\l__siunitx_process_uncertainty_int=\count266
\l__siunitx_process_fixed_int=\count267
\l__siunitx_process_integer_min_int=\count268
\l__siunitx_process_precision_int=\count269
\l__siunitx_group_min_int=\count270
\l__siunitx_angle_marker_box=\box51
\l__siunitx_angle_unit_box=\box52
\l__siunitx_angle_marker_dim=\dimen157
\l__siunitx_angle_unit_dim=\dimen158
\l__siunitx_unit_int=\count271
\l__siunitx_unit_denominator_int=\count272
\l__siunitx_unit_numerator_int=\count273
\l__siunitx_unit_prefix_int=\count274
\l__siunitx_unit_prefix_base_int=\count275
\l__siunitx_unit_prefix_gram_int=\count276
\l__siunitx_number_product_int=\count277
\c__siunitx_one_fill_skip=\skip54
\l__siunitx_table_unit_align_skip=\skip55
\l__siunitx_table_exponent_dim=\dimen159
\l__siunitx_table_integer_dim=\dimen160
\l__siunitx_table_mantissa_dim=\dimen161
\l__siunitx_table_marker_dim=\dimen162
\l__siunitx_table_result_dim=\dimen163
\l__siunitx_table_uncert_dim=\dimen164
\l__siunitx_table_fill_pre_dim=\dimen165
\l__siunitx_table_fill_post_dim=\dimen166
\l__siunitx_table_fill_mid_dim=\dimen167
\l__siunitx_table_pre_box=\box53
\l__siunitx_table_post_box=\box54
\l__siunitx_table_mantissa_box=\box55
\l__siunitx_table_result_box=\box56
\l__siunitx_table_number_align_skip=\skip56
\l__siunitx_table_text_align_skip=\skip57

("C:\Users\Giuseppe Lischio\Desktop\miktexTarget\tex/latex/translator\translato
r.sty"
Package: translator 2019-05-31 v1.12a Easy translation of strings in LaTeX
))
("C:\Users\Giuseppe Lischio\Desktop\miktexTarget\tex/latex/systeme\systeme.sty"
("C:\Users\Giuseppe Lischio\Desktop\miktexTarget\tex/latex/xstring\xstring.sty"

("C:\Users\Giuseppe Lischio\Desktop\miktexTarget\tex/generic/xstring\xstring.te
x"
\integerpart=\count278
\decimalpart=\count279
)
Package: xstring 2019/02/06 v1.83 String manipulations (CT)
)
("C:\Users\Giuseppe Lischio\Desktop\miktexTarget\tex/generic/systeme\systeme.te
x"
\SYS_systemecode=\toks24
\SYS_systempreamble=\toks25
\SYSeqnum=\count280
)
Package: systeme 2019/01/13 v0.32 Mise en forme de systemes d'equations (CT)
)
("C:\Users\Giuseppe Lischio\Desktop\miktexTarget\tex/latex/base\textcomp.sty"
Package: textcomp 2020/02/02 v2.0n Standard LaTeX package
)
("C:\Users\Giuseppe Lischio\Desktop\miktexTarget\tex/latex/xcolor\xcolor.sty"
Package: xcolor 2016/05/11 v2.12 LaTeX color extensions (UK)

("C:\Users\Giuseppe Lischio\Desktop\miktexTarget\tex/latex/graphics-cfg\color.c
fg"
File: color.cfg 2016/01/02 v1.6 sample color configuration
)
Package xcolor Info: Driver file: pdftex.def on input line 225.
Package xcolor Info: Model `cmy' substituted by `cmy0' on input line 1348.
Package xcolor Info: Model `hsb' substituted by `rgb' on input line 1352.
Package xcolor Info: Model `RGB' extended on input line 1364.
Package xcolor Info: Model `HTML' substituted by `rgb' on input line 1366.
Package xcolor Info: Model `Hsb' substituted by `hsb' on input line 1367.
Package xcolor Info: Model `tHsb' substituted by `hsb' on input line 1368.
Package xcolor Info: Model `HSB' substituted by `hsb' on input line 1369.
Package xcolor Info: Model `Gray' substituted by `gray' on input line 1370.
Package xcolor Info: Model `wave' substituted by `hsb' on input line 1371.
)
("C:\Users\Giuseppe Lischio\Desktop\miktexTarget\tex/latex/wrapfig\wrapfig.sty"
\wrapoverhang=\dimen168
\WF@size=\dimen169
\c@WF@wrappedlines=\count281
\WF@box=\box57
\WF@everypar=\toks26
Package: wrapfig 2003/01/31  v 3.6
)
("C:\Users\Giuseppe Lischio\Desktop\miktexTarget\tex/latex/pgf/frontendlayer\ti
kz.sty"
("C:\Users\Giuseppe Lischio\Desktop\miktexTarget\tex/latex/pgf/basiclayer\pgf.s
ty"
("C:\Users\Giuseppe Lischio\Desktop\miktexTarget\tex/latex/pgf/utilities\pgfrcs
.sty"
("C:\Users\Giuseppe Lischio\Desktop\miktexTarget\tex/generic/pgf/utilities\pgfu
til-common.tex"
\pgfutil@everybye=\toks27
\pgfutil@tempdima=\dimen170
\pgfutil@tempdimb=\dimen171

("C:\Users\Giuseppe Lischio\Desktop\miktexTarget\tex/generic/pgf/utilities\pgfu
til-common-lists.tex"))
("C:\Users\Giuseppe Lischio\Desktop\miktexTarget\tex/generic/pgf/utilities\pgfu
til-latex.def"
\pgfutil@abb=\box58

("C:\Users\Giuseppe Lischio\Desktop\miktexTarget\tex/latex/ms\everyshi.sty"
Package: everyshi 2001/05/15 v3.00 EveryShipout Package (MS)
))
("C:\Users\Giuseppe Lischio\Desktop\miktexTarget\tex/generic/pgf/utilities\pgfr
cs.code.tex"
("C:\Users\Giuseppe Lischio\Desktop\miktexTarget\tex/generic/pgf\pgf.revision.t
ex")
Package: pgfrcs 2020/01/08 v3.1.5b (3.1.5b)
))
Package: pgf 2020/01/08 v3.1.5b (3.1.5b)

("C:\Users\Giuseppe Lischio\Desktop\miktexTarget\tex/latex/pgf/basiclayer\pgfco
re.sty"
("C:\Users\Giuseppe Lischio\Desktop\miktexTarget\tex/latex/pgf/systemlayer\pgfs
ys.sty"
("C:\Users\Giuseppe Lischio\Desktop\miktexTarget\tex/generic/pgf/systemlayer\pg
fsys.code.tex"
Package: pgfsys 2020/01/08 v3.1.5b (3.1.5b)

("C:\Users\Giuseppe Lischio\Desktop\miktexTarget\tex/generic/pgf/utilities\pgfk
eys.code.tex"
\pgfkeys@pathtoks=\toks28
\pgfkeys@temptoks=\toks29

("C:\Users\Giuseppe Lischio\Desktop\miktexTarget\tex/generic/pgf/utilities\pgfk
eysfiltered.code.tex"
\pgfkeys@tmptoks=\toks30
))
\pgf@x=\dimen172
\pgf@y=\dimen173
\pgf@xa=\dimen174
\pgf@ya=\dimen175
\pgf@xb=\dimen176
\pgf@yb=\dimen177
\pgf@xc=\dimen178
\pgf@yc=\dimen179
\pgf@xd=\dimen180
\pgf@yd=\dimen181
\w@pgf@writea=\write3
\r@pgf@reada=\read2
\c@pgf@counta=\count282
\c@pgf@countb=\count283
\c@pgf@countc=\count284
\c@pgf@countd=\count285
\t@pgf@toka=\toks31
\t@pgf@tokb=\toks32
\t@pgf@tokc=\toks33
\pgf@sys@id@count=\count286

("C:\Users\Giuseppe Lischio\Desktop\miktexTarget\tex/generic/pgf/systemlayer\pg
f.cfg"
File: pgf.cfg 2020/01/08 v3.1.5b (3.1.5b)
)
Driver file for pgf: pgfsys-pdftex.def

("C:\Users\Giuseppe Lischio\Desktop\miktexTarget\tex/generic/pgf/systemlayer\pg
fsys-pdftex.def"
File: pgfsys-pdftex.def 2020/01/08 v3.1.5b (3.1.5b)

("C:\Users\Giuseppe Lischio\Desktop\miktexTarget\tex/generic/pgf/systemlayer\pg
fsys-common-pdf.def"
File: pgfsys-common-pdf.def 2020/01/08 v3.1.5b (3.1.5b)
)))
("C:\Users\Giuseppe Lischio\Desktop\miktexTarget\tex/generic/pgf/systemlayer\pg
fsyssoftpath.code.tex"
File: pgfsyssoftpath.code.tex 2020/01/08 v3.1.5b (3.1.5b)
\pgfsyssoftpath@smallbuffer@items=\count287
\pgfsyssoftpath@bigbuffer@items=\count288
)
("C:\Users\Giuseppe Lischio\Desktop\miktexTarget\tex/generic/pgf/systemlayer\pg
fsysprotocol.code.tex"
File: pgfsysprotocol.code.tex 2020/01/08 v3.1.5b (3.1.5b)
))
("C:\Users\Giuseppe Lischio\Desktop\miktexTarget\tex/generic/pgf/basiclayer\pgf
core.code.tex"
Package: pgfcore 2020/01/08 v3.1.5b (3.1.5b)

("C:\Users\Giuseppe Lischio\Desktop\miktexTarget\tex/generic/pgf/math\pgfmath.c
ode.tex"
("C:\Users\Giuseppe Lischio\Desktop\miktexTarget\tex/generic/pgf/math\pgfmathca
lc.code.tex"
("C:\Users\Giuseppe Lischio\Desktop\miktexTarget\tex/generic/pgf/math\pgfmathut
il.code.tex")
("C:\Users\Giuseppe Lischio\Desktop\miktexTarget\tex/generic/pgf/math\pgfmathpa
rser.code.tex"
\pgfmath@dimen=\dimen182
\pgfmath@count=\count289
\pgfmath@box=\box59
\pgfmath@toks=\toks34
\pgfmath@stack@operand=\toks35
\pgfmath@stack@operation=\toks36
)
("C:\Users\Giuseppe Lischio\Desktop\miktexTarget\tex/generic/pgf/math\pgfmathfu
nctions.code.tex"
("C:\Users\Giuseppe Lischio\Desktop\miktexTarget\tex/generic/pgf/math\pgfmathfu
nctions.basic.code.tex")
("C:\Users\Giuseppe Lischio\Desktop\miktexTarget\tex/generic/pgf/math\pgfmathfu
nctions.trigonometric.code.tex")
("C:\Users\Giuseppe Lischio\Desktop\miktexTarget\tex/generic/pgf/math\pgfmathfu
nctions.random.code.tex")
("C:\Users\Giuseppe Lischio\Desktop\miktexTarget\tex/generic/pgf/math\pgfmathfu
nctions.comparison.code.tex")
("C:\Users\Giuseppe Lischio\Desktop\miktexTarget\tex/generic/pgf/math\pgfmathfu
nctions.base.code.tex")
("C:\Users\Giuseppe Lischio\Desktop\miktexTarget\tex/generic/pgf/math\pgfmathfu
nctions.round.code.tex")
("C:\Users\Giuseppe Lischio\Desktop\miktexTarget\tex/generic/pgf/math\pgfmathfu
nctions.misc.code.tex")
("C:\Users\Giuseppe Lischio\Desktop\miktexTarget\tex/generic/pgf/math\pgfmathfu
nctions.integerarithmetics.code.tex")))
("C:\Users\Giuseppe Lischio\Desktop\miktexTarget\tex/generic/pgf/math\pgfmathfl
oat.code.tex"
\c@pgfmathroundto@lastzeros=\count290
))
("C:\Users\Giuseppe Lischio\Desktop\miktexTarget\tex/generic/pgf/math\pgfint.co
de.tex")
("C:\Users\Giuseppe Lischio\Desktop\miktexTarget\tex/generic/pgf/basiclayer\pgf
corepoints.code.tex"
File: pgfcorepoints.code.tex 2020/01/08 v3.1.5b (3.1.5b)
\pgf@picminx=\dimen183
\pgf@picmaxx=\dimen184
\pgf@picminy=\dimen185
\pgf@picmaxy=\dimen186
\pgf@pathminx=\dimen187
\pgf@pathmaxx=\dimen188
\pgf@pathminy=\dimen189
\pgf@pathmaxy=\dimen190
\pgf@xx=\dimen191
\pgf@xy=\dimen192
\pgf@yx=\dimen193
\pgf@yy=\dimen194
\pgf@zx=\dimen195
\pgf@zy=\dimen196
)
("C:\Users\Giuseppe Lischio\Desktop\miktexTarget\tex/generic/pgf/basiclayer\pgf
corepathconstruct.code.tex"
File: pgfcorepathconstruct.code.tex 2020/01/08 v3.1.5b (3.1.5b)
\pgf@path@lastx=\dimen197
\pgf@path@lasty=\dimen198
)
("C:\Users\Giuseppe Lischio\Desktop\miktexTarget\tex/generic/pgf/basiclayer\pgf
corepathusage.code.tex"
File: pgfcorepathusage.code.tex 2020/01/08 v3.1.5b (3.1.5b)
\pgf@shorten@end@additional=\dimen199
\pgf@shorten@start@additional=\dimen256
)
("C:\Users\Giuseppe Lischio\Desktop\miktexTarget\tex/generic/pgf/basiclayer\pgf
corescopes.code.tex"
File: pgfcorescopes.code.tex 2020/01/08 v3.1.5b (3.1.5b)
\pgfpic=\box60
\pgf@hbox=\box61
\pgf@layerbox@main=\box62
\pgf@picture@serial@count=\count291
)
("C:\Users\Giuseppe Lischio\Desktop\miktexTarget\tex/generic/pgf/basiclayer\pgf
coregraphicstate.code.tex"
File: pgfcoregraphicstate.code.tex 2020/01/08 v3.1.5b (3.1.5b)
\pgflinewidth=\dimen257
)
("C:\Users\Giuseppe Lischio\Desktop\miktexTarget\tex/generic/pgf/basiclayer\pgf
coretransformations.code.tex"
File: pgfcoretransformations.code.tex 2020/01/08 v3.1.5b (3.1.5b)
\pgf@pt@x=\dimen258
\pgf@pt@y=\dimen259
\pgf@pt@temp=\dimen260
)
("C:\Users\Giuseppe Lischio\Desktop\miktexTarget\tex/generic/pgf/basiclayer\pgf
corequick.code.tex"
File: pgfcorequick.code.tex 2020/01/08 v3.1.5b (3.1.5b)
)
("C:\Users\Giuseppe Lischio\Desktop\miktexTarget\tex/generic/pgf/basiclayer\pgf
coreobjects.code.tex"
File: pgfcoreobjects.code.tex 2020/01/08 v3.1.5b (3.1.5b)
)
("C:\Users\Giuseppe Lischio\Desktop\miktexTarget\tex/generic/pgf/basiclayer\pgf
corepathprocessing.code.tex"
File: pgfcorepathprocessing.code.tex 2020/01/08 v3.1.5b (3.1.5b)
)
("C:\Users\Giuseppe Lischio\Desktop\miktexTarget\tex/generic/pgf/basiclayer\pgf
corearrows.code.tex"
File: pgfcorearrows.code.tex 2020/01/08 v3.1.5b (3.1.5b)
\pgfarrowsep=\dimen261
)
("C:\Users\Giuseppe Lischio\Desktop\miktexTarget\tex/generic/pgf/basiclayer\pgf
coreshade.code.tex"
File: pgfcoreshade.code.tex 2020/01/08 v3.1.5b (3.1.5b)
\pgf@max=\dimen262
\pgf@sys@shading@range@num=\count292
\pgf@shadingcount=\count293
)
("C:\Users\Giuseppe Lischio\Desktop\miktexTarget\tex/generic/pgf/basiclayer\pgf
coreimage.code.tex"
File: pgfcoreimage.code.tex 2020/01/08 v3.1.5b (3.1.5b)

("C:\Users\Giuseppe Lischio\Desktop\miktexTarget\tex/generic/pgf/basiclayer\pgf
coreexternal.code.tex"
File: pgfcoreexternal.code.tex 2020/01/08 v3.1.5b (3.1.5b)
\pgfexternal@startupbox=\box63
))
("C:\Users\Giuseppe Lischio\Desktop\miktexTarget\tex/generic/pgf/basiclayer\pgf
corelayers.code.tex"
File: pgfcorelayers.code.tex 2020/01/08 v3.1.5b (3.1.5b)
)
("C:\Users\Giuseppe Lischio\Desktop\miktexTarget\tex/generic/pgf/basiclayer\pgf
coretransparency.code.tex"
File: pgfcoretransparency.code.tex 2020/01/08 v3.1.5b (3.1.5b)
)
("C:\Users\Giuseppe Lischio\Desktop\miktexTarget\tex/generic/pgf/basiclayer\pgf
corepatterns.code.tex"
File: pgfcorepatterns.code.tex 2020/01/08 v3.1.5b (3.1.5b)
)
("C:\Users\Giuseppe Lischio\Desktop\miktexTarget\tex/generic/pgf/basiclayer\pgf
corerdf.code.tex"
File: pgfcorerdf.code.tex 2020/01/08 v3.1.5b (3.1.5b)
)))
("C:\Users\Giuseppe Lischio\Desktop\miktexTarget\tex/generic/pgf/modules\pgfmod
uleshapes.code.tex"
File: pgfmoduleshapes.code.tex 2020/01/08 v3.1.5b (3.1.5b)
\pgfnodeparttextbox=\box64
)
("C:\Users\Giuseppe Lischio\Desktop\miktexTarget\tex/generic/pgf/modules\pgfmod
uleplot.code.tex"
File: pgfmoduleplot.code.tex 2020/01/08 v3.1.5b (3.1.5b)
)
("C:\Users\Giuseppe Lischio\Desktop\miktexTarget\tex/latex/pgf/compatibility\pg
fcomp-version-0-65.sty"
Package: pgfcomp-version-0-65 2020/01/08 v3.1.5b (3.1.5b)
\pgf@nodesepstart=\dimen263
\pgf@nodesepend=\dimen264
)
("C:\Users\Giuseppe Lischio\Desktop\miktexTarget\tex/latex/pgf/compatibility\pg
fcomp-version-1-18.sty"
Package: pgfcomp-version-1-18 2020/01/08 v3.1.5b (3.1.5b)
))
("C:\Users\Giuseppe Lischio\Desktop\miktexTarget\tex/latex/pgf/utilities\pgffor
.sty"
("C:\Users\Giuseppe Lischio\Desktop\miktexTarget\tex/latex/pgf/utilities\pgfkey
s.sty"
("C:\Users\Giuseppe Lischio\Desktop\miktexTarget\tex/generic/pgf/utilities\pgfk
eys.code.tex"))
("C:\Users\Giuseppe Lischio\Desktop\miktexTarget\tex/latex/pgf/math\pgfmath.sty
"
("C:\Users\Giuseppe Lischio\Desktop\miktexTarget\tex/generic/pgf/math\pgfmath.c
ode.tex"))
("C:\Users\Giuseppe Lischio\Desktop\miktexTarget\tex/generic/pgf/utilities\pgff
or.code.tex"
Package: pgffor 2020/01/08 v3.1.5b (3.1.5b)

("C:\Users\Giuseppe Lischio\Desktop\miktexTarget\tex/generic/pgf/math\pgfmath.c
ode.tex")
\pgffor@iter=\dimen265
\pgffor@skip=\dimen266
\pgffor@stack=\toks37
\pgffor@toks=\toks38
))
("C:\Users\Giuseppe Lischio\Desktop\miktexTarget\tex/generic/pgf/frontendlayer/
tikz\tikz.code.tex"
Package: tikz 2020/01/08 v3.1.5b (3.1.5b)

("C:\Users\Giuseppe Lischio\Desktop\miktexTarget\tex/generic/pgf/libraries\pgfl
ibraryplothandlers.code.tex"
File: pgflibraryplothandlers.code.tex 2020/01/08 v3.1.5b (3.1.5b)
\pgf@plot@mark@count=\count294
\pgfplotmarksize=\dimen267
)
\tikz@lastx=\dimen268
\tikz@lasty=\dimen269
\tikz@lastxsaved=\dimen270
\tikz@lastysaved=\dimen271
\tikz@lastmovetox=\dimen272
\tikz@lastmovetoy=\dimen273
\tikzleveldistance=\dimen274
\tikzsiblingdistance=\dimen275
\tikz@figbox=\box65
\tikz@figbox@bg=\box66
\tikz@tempbox=\box67
\tikz@tempbox@bg=\box68
\tikztreelevel=\count295
\tikznumberofchildren=\count296
\tikznumberofcurrentchild=\count297
\tikz@fig@count=\count298

("C:\Users\Giuseppe Lischio\Desktop\miktexTarget\tex/generic/pgf/modules\pgfmod
ulematrix.code.tex"
File: pgfmodulematrix.code.tex 2020/01/08 v3.1.5b (3.1.5b)
\pgfmatrixcurrentrow=\count299
\pgfmatrixcurrentcolumn=\count300
\pgf@matrix@numberofcolumns=\count301
)
\tikz@expandcount=\count302

("C:\Users\Giuseppe Lischio\Desktop\miktexTarget\tex/generic/pgf/frontendlayer/
tikz/libraries\tikzlibrarytopaths.code.tex"
File: tikzlibrarytopaths.code.tex 2020/01/08 v3.1.5b (3.1.5b)
)))
("C:\Users\Giuseppe Lischio\Desktop\miktexTarget\tex/latex/mnsymbol\MnSymbol.st
y"
Package: MnSymbol 2007/01/21 v1.4 support for the MnSymbol font
LaTeX Info: Redefining \dagger on input line 84.
LaTeX Info: Redefining \ddagger on input line 84.
LaTeX Info: Redefining \mathparagraph on input line 84.
LaTeX Info: Redefining \mathsection on input line 84.
LaTeX Info: Redefining \mathdollar on input line 84.
LaTeX Info: Redefining \mathsterling on input line 84.
LaTeX Info: Redefining \yen on input line 84.
LaTeX Info: Redefining \circledR on input line 84.
LaTeX Info: Redefining \Re on input line 84.
LaTeX Info: Redefining \Im on input line 84.
\symMnSyA=\mathgroup7
\symMnSyB=\mathgroup8
\symMnSyC=\mathgroup9
\symMnSyD=\mathgroup10
LaTeX Font Info:    Redeclaring symbol font `largesymbols' on input line 119.
LaTeX Font Info:    Overwriting symbol font `largesymbols' in version `normal'
(Font)                  OMX/cmex/m/n --> OMX/MnSymbolE/m/n on input line 119.
LaTeX Font Info:    Overwriting symbol font `largesymbols' in version `bold'
(Font)                  OMX/cmex/m/n --> OMX/MnSymbolE/m/n on input line 119.
LaTeX Font Info:    Redeclaring symbol font `symbols' on input line 120.
LaTeX Font Info:    Encoding `OMS' has changed to `U' for symbol font
(Font)              `symbols' in the math version `normal' on input line 120.
LaTeX Font Info:    Overwriting symbol font `symbols' in version `normal'
(Font)                  OMS/cmsy/m/n --> U/MnSymbolF/m/n on input line 120.
LaTeX Font Info:    Encoding `OMS' has changed to `U' for symbol font
(Font)              `symbols' in the math version `bold' on input line 120.
LaTeX Font Info:    Overwriting symbol font `symbols' in version `bold'
(Font)                  OMS/cmsy/b/n --> U/MnSymbolF/m/n on input line 120.
LaTeX Font Info:    Overwriting symbol font `MnSyA' in version `bold'
(Font)                  U/MnSymbolA/m/n --> U/MnSymbolA/b/n on input line 121.
LaTeX Font Info:    Overwriting symbol font `MnSyB' in version `bold'
(Font)                  U/MnSymbolB/m/n --> U/MnSymbolB/b/n on input line 122.
LaTeX Font Info:    Overwriting symbol font `MnSyC' in version `bold'
(Font)                  U/MnSymbolC/m/n --> U/MnSymbolC/b/n on input line 123.
LaTeX Font Info:    Overwriting symbol font `MnSyD' in version `bold'
(Font)                  U/MnSymbolD/m/n --> U/MnSymbolD/b/n on input line 124.
LaTeX Font Info:    Overwriting symbol font `largesymbols' in version `bold'
(Font)                  OMX/MnSymbolE/m/n --> OMX/MnSymbolE/b/n on input line 1
25.
LaTeX Font Info:    Overwriting symbol font `symbols' in version `bold'
(Font)                  U/MnSymbolF/m/n --> U/MnSymbolF/b/n on input line 126.
LaTeX Font Info:    Redeclaring math alphabet \mathcal on input line 241.
LaTeX Font Info:    Overwriting math alphabet `\mathcal' in version `bold'
(Font)                  OMS/MnSymbolS/m/n --> OMS/MnSymbolS/b/n on input line 2
41.
LaTeX Info: Redefining \longrightarrow on input line 548.
LaTeX Info: Redefining \longleftarrow on input line 549.
LaTeX Info: Redefining \longleftrightarrow on input line 550.
LaTeX Info: Redefining \Longrightarrow on input line 551.
LaTeX Info: Redefining \Longleftarrow on input line 552.
LaTeX Info: Redefining \Longleftrightarrow on input line 553.
LaTeX Info: Redefining \longmapsto on input line 554.
LaTeX Info: Redefining \vdots on input line 868.
LaTeX Font Info:    Redeclaring math symbol \braceld on input line 1721.
LaTeX Font Info:    Redeclaring math symbol \bracelu on input line 1722.
LaTeX Font Info:    Redeclaring math symbol \bracerd on input line 1723.
LaTeX Font Info:    Redeclaring math symbol \braceru on input line 1724.
LaTeX Info: Redefining \downbracefill on input line 1799.
LaTeX Info: Redefining \upbracefill on input line 1800.
LaTeX Info: Redefining \overbrace on input line 1819.
LaTeX Info: Redefining \underbrace on input line 1820.
LaTeX Info: Redefining \surd on input line 1843.
LaTeX Font Info:    Redeclaring math accent \widehat on input line 1845.
LaTeX Font Info:    Redeclaring math accent \widetilde on input line 1846.
LaTeX Font Info:    Redeclaring math accent \vec on input line 1848.
)
("C:\Users\Giuseppe Lischio\Desktop\miktexTarget\tex/latex/tocbibind\tocbibind.
sty"
Package: tocbibind 2010/10/13 v1.5k extra ToC listings
Package tocbibind Info: The document has section divisions on input line 50.


Package tocbibind Note: Using section or other style headings.

)
("C:\Users\Giuseppe Lischio\Desktop\miktexTarget\tex/latex/appendix\appendix.st
y"
Package: appendix 2020/02/08 v1.2c extra appendix facilities
\c@@pps=\count303
\c@@ppsavesec=\count304
\c@@ppsaveapp=\count305
) (Documentazione.aux)
\openout1 = `Documentazione.aux'.

LaTeX Font Info:    Checking defaults for OML/cmm/m/it on input line 26.
LaTeX Font Info:    ... okay on input line 26.
LaTeX Font Info:    Checking defaults for OMS/cmsy/m/n on input line 26.
LaTeX Font Info:    ... okay on input line 26.
LaTeX Font Info:    Checking defaults for OT1/cmr/m/n on input line 26.
LaTeX Font Info:    ... okay on input line 26.
LaTeX Font Info:    Checking defaults for T1/cmr/m/n on input line 26.
LaTeX Font Info:    ... okay on input line 26.
LaTeX Font Info:    Checking defaults for TS1/cmr/m/n on input line 26.
LaTeX Font Info:    ... okay on input line 26.
LaTeX Font Info:    Checking defaults for OMX/cmex/m/n on input line 26.
LaTeX Font Info:    ... okay on input line 26.
LaTeX Font Info:    Checking defaults for U/cmr/m/n on input line 26.
LaTeX Font Info:    ... okay on input line 26.

*geometry* driver: auto-detecting
*geometry* detected driver: pdftex
*geometry* verbose mode - [ preamble ] result:
* driver: pdftex
* paper: a4paper
* layout: <same size as paper>
* layoutoffset:(h,v)=(0.0pt,0.0pt)
* modes: includehead includefoot 
* h-part:(L,W,R)=(56.9055pt, 483.69687pt, 56.9055pt)
* v-part:(T,H,B)=(56.9055pt, 731.23584pt, 56.9055pt)
* \paperwidth=597.50787pt
* \paperheight=845.04684pt
* \textwidth=483.69687pt
* \textheight=664.23584pt
* \oddsidemargin=-15.36449pt
* \evensidemargin=-15.36449pt
* \topmargin=-15.36449pt
* \headheight=12.0pt
* \headsep=25.0pt
* \topskip=10.0pt
* \footskip=30.0pt
* \marginparwidth=65.0pt
* \marginparsep=11.0pt
* \columnsep=10.0pt
* \skip\footins=9.0pt plus 4.0pt minus 2.0pt
* \hoffset=0.0pt
* \voffset=0.0pt
* \mag=1000
* \@twocolumnfalse
* \@twosidefalse
* \@mparswitchfalse
* \@reversemarginfalse
* (1in=72.27pt=25.4mm, 1cm=28.453pt)


("C:\Users\Giuseppe Lischio\Desktop\miktexTarget\tex/context/base/mkii\supp-pdf
.mkii"
[Loading MPS to PDF converter (version 2006.09.02).]
\scratchcounter=\count306
\scratchdimen=\dimen276
\scratchbox=\box69
\nofMPsegments=\count307
\nofMParguments=\count308
\everyMPshowfont=\toks39
\MPscratchCnt=\count309
\MPscratchDim=\dimen277
\MPnumerator=\count310
\makeMPintoPDFobject=\count311
\everyMPtoPDFconversion=\toks40
)
("C:\Users\Giuseppe Lischio\Desktop\miktexTarget\tex/latex/epstopdf-pkg\epstopd
f-base.sty"
Package: epstopdf-base 2020-01-24 v2.11 Base part for package epstopdf

("C:\Users\Giuseppe Lischio\Desktop\miktexTarget\tex/generic/infwarerr\infwarer
r.sty"
Package: infwarerr 2019/12/03 v1.5 Providing info/warning/error messages (HO)
)
("C:\Users\Giuseppe Lischio\Desktop\miktexTarget\tex/latex/grfext\grfext.sty"
Package: grfext 2019/12/03 v1.3 Manage graphics extensions (HO)

("C:\Users\Giuseppe Lischio\Desktop\miktexTarget\tex/generic/kvdefinekeys\kvdef
inekeys.sty"
Package: kvdefinekeys 2019-12-19 v1.6 Define keys (HO)
))
("C:\Users\Giuseppe Lischio\Desktop\miktexTarget\tex/latex/kvoptions\kvoptions.
sty"
Package: kvoptions 2019/11/29 v3.13 Key value format for package options (HO)

("C:\Users\Giuseppe Lischio\Desktop\miktexTarget\tex/generic/ltxcmds\ltxcmds.st
y"
Package: ltxcmds 2019/12/15 v1.24 LaTeX kernel commands for general use (HO)
)
("C:\Users\Giuseppe Lischio\Desktop\miktexTarget\tex/generic/kvsetkeys\kvsetkey
s.sty"
Package: kvsetkeys 2019/12/15 v1.18 Key value parser (HO)
))
("C:\Users\Giuseppe Lischio\Desktop\miktexTarget\tex/latex/pdftexcmds\pdftexcmd
s.sty"
Package: pdftexcmds 2019/11/24 v0.31 Utility functions of pdfTeX for LuaTeX (HO
)
Package pdftexcmds Info: \pdf@primitive is available.
Package pdftexcmds Info: \pdf@ifprimitive is available.
Package pdftexcmds Info: \pdfdraftmode found.
)
Package epstopdf-base Info: Redefining graphics rule for `.eps' on input line 4
85.
Package grfext Info: Graphics extension search list:
(grfext)             [.pdf,.png,.jpg,.mps,.jpeg,.jbig2,.jb2,.PDF,.PNG,.JPG,.JPE
G,.JBIG2,.JB2,.eps]
(grfext)             \AppendGraphicsExtensions on input line 504.
)
("C:\Users\Giuseppe Lischio\Desktop\miktexTarget\tex/latex/translator\translato
r-basic-dictionary-English.dict"
Dictionary: translator-basic-dictionary, Language: English 
)
("C:\Users\Giuseppe Lischio\Desktop\miktexTarget\tex/latex/siunitx\siunitx-abbr
eviations.cfg"
File: siunitx-abbreviations.cfg 2017/11/26 v2.7k siunitx: Abbreviated units
) ABD: EveryShipout initializing macros
LaTeX Font Info:    Trying to load font information for U+msa on input line 26.


("C:\Users\Giuseppe Lischio\Desktop\miktexTarget\tex/latex/amsfonts\umsa.fd"
File: umsa.fd 2013/01/14 v3.01 AMS symbols A
)
LaTeX Font Info:    Trying to load font information for U+msb on input line 26.


("C:\Users\Giuseppe Lischio\Desktop\miktexTarget\tex/latex/amsfonts\umsb.fd"
File: umsb.fd 2013/01/14 v3.01 AMS symbols B
)
LaTeX Font Info:    Trying to load font information for U+rsfs on input line 26
.

("C:\Users\Giuseppe Lischio\Desktop\miktexTarget\tex/latex/jknappen\ursfs.fd"
File: ursfs.fd 1998/03/24 rsfs font definition file (jk)
)
(Documentazione.toc)
\tf@toc=\write4
\openout4 = `Documentazione.toc'.

 [1

{C:/Users/Giuseppe Lischio/AppData/Local/MiKTeX/2.9/pdftex/config/pdftex.map}]
LaTeX Font Info:    Trying to load font information for OT1+zi4 on input line 9
9.

("C:\Users\Giuseppe Lischio\Desktop\miktexTarget\tex/latex/inconsolata\ot1zi4.f
d"
File: ot1zi4.fd 2018/01/14 OT1/zi4 (Inconsolata)
) [1]
<./Images/Entity.png, id=21, 1883.53688pt x 478.78876pt>
File: ./Images/Entity.png Graphic file (type png)
<use ./Images/Entity.png>
Package pdftex.def Info: ./Images/Entity.png  used on input line 143.
(pdftex.def)             Requested size: 508.56177pt x 129.27469pt.

Overfull \hbox (24.8649pt too wide) in paragraph at lines 143--144
 [] 
 []

[2 <./Images/Entity.png>]
<./Images/FSM.png, id=27, 1107.38719pt x 1068.24094pt>
File: ./Images/FSM.png Graphic file (type png)
<use ./Images/FSM.png>
Package pdftex.def Info: ./Images/FSM.png  used on input line 184.
(pdftex.def)             Requested size: 442.94704pt x 427.2888pt.
 [3 <./Images/FSM.png>]
<./Images/Behavioral.png, id=32, 1469.49pt x 1046.40938pt>
File: ./Images/Behavioral.png Graphic file (type png)
<use ./Images/Behavioral.png>
Package pdftex.def Info: ./Images/Behavioral.png  used on input line 258.
(pdftex.def)             Requested size: 455.5372pt x 324.38356pt.
 [4] [5 <./Images/Behavioral.png>]
<./Images/postSynthesisUtilization.png, id=40, 373.395pt x 162.6075pt>
File: ./Images/postSynthesisUtilization.png Graphic file (type png)
<use ./Images/postSynthesisUtilization.png>
Package pdftex.def Info: ./Images/postSynthesisUtilization.png  used on input l
ine 294.
(pdftex.def)             Requested size: 298.7164pt x 130.08617pt.
 [6 <./Images/postSynthesisUtilization.png>]
<./Images/dettaglio_behavioral.png, id=47, 702.37407pt x 331.99031pt>
File: ./Images/dettaglio_behavioral.png Graphic file (type png)
<use ./Images/dettaglio_behavioral.png>
Package pdftex.def Info: ./Images/dettaglio_behavioral.png  used on input line 
337.
(pdftex.def)             Requested size: 491.65851pt x 232.39162pt.

Overfull \hbox (7.96164pt too wide) in paragraph at lines 337--337
[]  
 []

<./Images/dettaglio_postSynthesisTiming_5ns.png, id=48, 657.2053pt x 331.99031p
t>
File: ./Images/dettaglio_postSynthesisTiming_5ns.png Graphic file (type png)
<use ./Images/dettaglio_postSynthesisTiming_5ns.png>
Package pdftex.def Info: ./Images/dettaglio_postSynthesisTiming_5ns.png  used o
n input line 345.
(pdftex.def)             Requested size: 492.90276pt x 248.99211pt.

Overfull \hbox (9.20589pt too wide) in paragraph at lines 345--345
[]  
 []

[7 <./Images/dettaglio_behavioral.png> <./Images/dettaglio_postSynthesisTiming_
5ns.png>]
<./Images/sequential1.png, id=54, 627.84563pt x 127.97812pt>
File: ./Images/sequential1.png Graphic file (type png)
<use ./Images/sequential1.png>
Package pdftex.def Info: ./Images/sequential1.png  used on input line 353.
(pdftex.def)             Requested size: 470.88306pt x 95.98334pt.
<./Images/sequential2.png, id=55, 627.84563pt x 207.02344pt>
File: ./Images/sequential2.png Graphic file (type png)
<use ./Images/sequential2.png>
Package pdftex.def Info: ./Images/sequential2.png  used on input line 354.
(pdftex.def)             Requested size: 470.88306pt x 155.26718pt.
<./Images/sequential3.png, id=56, 627.84563pt x 380.92313pt>
File: ./Images/sequential3.png Graphic file (type png)
<use ./Images/sequential3.png>
Package pdftex.def Info: ./Images/sequential3.png  used on input line 355.
(pdftex.def)             Requested size: 470.88306pt x 285.69164pt.
<./Images/sequential4.png, id=57, 629.35126pt x 191.9672pt>
File: ./Images/sequential4.png Graphic file (type png)
<use ./Images/sequential4.png>
Package pdftex.def Info: ./Images/sequential4.png  used on input line 356.
(pdftex.def)             Requested size: 472.01228pt x 143.97504pt.
 [8 <./Images/sequential1.png> <./Images/sequential2.png> <./Images/sequential3
.png>]
Overfull \hbox (6.26703pt too wide) in paragraph at lines 363--364
\OT1/cmr/m/n/10 La macchina e stata quindi pro-get-tata at-ten-den-dosi alla s
peci-fica e ne e stato tes-tato il fun-zion-a-mento. L'algoritmo
 []

[9 <./Images/sequential4.png>] (Documentazione.aux) ) 
Here is how much of TeX's memory you used:
 19312 strings out of 480934
 388758 string characters out of 2900812
 566442 words of memory out of 3000000
 34808 multiletter control sequences out of 15000+200000
 554120 words of font info for 104 fonts, out of 3000000 for 9000
 1141 hyphenation exceptions out of 8191
 60i,8n,60p,973b,454s stack positions out of 5000i,500n,10000p,200000b,50000s
 <C:\Users\Giuseppe Lischi
o\AppData\Local\MiKTeX\2.9\fonts/pk/ljfour/jknappen/ec/dpi600\tcrm1000.pk>{C:/U
sers/Giuseppe Lischio/Desktop/miktexTarget/fonts/enc/dvips/inconsolata/i4-ot1-0
.enc}<C:/Users/Giuseppe Lischio/Desktop/miktexTarget/fonts/type1/public/inconso
lata/Inconsolata-zi4r.pfb><C:/Users/Giuseppe Lischio/Desktop/miktexTarget/fonts
/type1/public/amsfonts/cm/cmbx10.pfb><C:/Users/Giuseppe Lischio/Desktop/miktexT
arget/fonts/type1/public/amsfonts/cm/cmbx12.pfb><C:/Users/Giuseppe Lischio/Desk
top/miktexTarget/fonts/type1/public/amsfonts/cm/cmr10.pfb><C:/Users/Giuseppe Li
schio/Desktop/miktexTarget/fonts/type1/public/amsfonts/cm/cmr12.pfb><C:/Users/G
iuseppe Lischio/Desktop/miktexTarget/fonts/type1/public/amsfonts/cm/cmr17.pfb><
C:/Users/Giuseppe Lischio/Desktop/miktexTarget/fonts/type1/public/amsfonts/cm/c
mr6.pfb><C:/Users/Giuseppe Lischio/Desktop/miktexTarget/fonts/type1/public/amsf
onts/cm/cmr7.pfb><C:/Users/Giuseppe Lischio/Desktop/miktexTarget/fonts/type1/pu
blic/amsfonts/cm/cmr8.pfb><C:/Users/Giuseppe Lischio/Desktop/miktexTarget/fonts
/type1/public/amsfonts/cm/cmti10.pfb>
Output written on Documentazione.pdf (10 pages, 647093 bytes).
PDF statistics:
 105 PDF objects out of 1000 (max. 8388607)
 0 named destinations out of 1000 (max. 500000)
 63 words of extra memory for PDF output out of 10000 (max. 10000000)

